[debug] [2018-10-10T22:47:53.138Z] ----------------------------------------------------------------------
[debug] [2018-10-10T22:47:53.154Z] Command:       C:\Program Files\nodejs\node.exe C:\Users\AybañezE\AppData\Roaming\npm\node_modules\firebase-tools\bin\firebase deploy --only functions
[debug] [2018-10-10T22:47:53.154Z] CLI Version:   5.0.1
[debug] [2018-10-10T22:47:53.154Z] Platform:      win32
[debug] [2018-10-10T22:47:53.154Z] Node Version:  v8.11.2
[debug] [2018-10-10T22:47:53.154Z] Time:          Wed Oct 10 2018 17:47:53 GMT-0500 (Hora est. Pacífico, Sudamérica)
[debug] [2018-10-10T22:47:53.154Z] ----------------------------------------------------------------------
[debug] 
[debug] [2018-10-10T22:47:53.229Z] > command requires scopes: ["email","openid","https://www.googleapis.com/auth/cloudplatformprojects.readonly","https://www.googleapis.com/auth/firebase","https://www.googleapis.com/auth/cloud-platform"]
[debug] [2018-10-10T22:47:53.230Z] > authorizing via signed-in user
[debug] [2018-10-10T22:47:53.231Z] [iam] checking project burguerqueen-492d7 for permissions ["cloudfunctions.functions.create","cloudfunctions.functions.delete","cloudfunctions.functions.get","cloudfunctions.functions.list","cloudfunctions.functions.update","cloudfunctions.operations.get","firebase.projects.get"]
[debug] [2018-10-10T22:47:53.235Z] >>> HTTP REQUEST POST https://cloudresourcemanager.googleapis.com/v1/projects/burguerqueen-492d7:testIamPermissions  

[debug] [2018-10-10T22:47:54.599Z] <<< HTTP RESPONSE 200
[info] 
[info] === Deploying to 'burguerqueen-492d7'...
[info] 
[info] i  deploying functions
[info] Running command: npm --prefix "%RESOURCE_DIR%" run lint
[info] +  functions: Finished running predeploy script.
[debug] [2018-10-10T22:48:09.028Z] > [functions] package.json contents: {
  "name": "functions",
  "description": "Cloud Functions for Firebase",
  "private": true,
  "scripts": {
    "lint": "eslint .",
    "serve": "firebase serve --only functions",
    "shell": "firebase functions:shell",
    "start": "npm run shell",
    "deploy": "firebase deploy --only functions",
    "logs": "firebase functions:log"
  },
  "dependencies": {
    "firebase-admin": "~6.0.0",
    "firebase-functions": "^2.0.3"
  },
  "devDependencies": {
    "eslint": "^4.12.0",
    "eslint-plugin-promise": "^3.6.0"
  }
}
[info] i  functions: ensuring necessary APIs are enabled...
[debug] [2018-10-10T22:48:09.045Z] >>> HTTP REQUEST GET https://servicemanagement.googleapis.com/v1/services/cloudfunctions.googleapis.com/projectSettings/burguerqueen-492d7?view=CONSUMER_VIEW  
 
[debug] [2018-10-10T22:48:09.046Z] >>> HTTP REQUEST GET https://servicemanagement.googleapis.com/v1/services/runtimeconfig.googleapis.com/projectSettings/burguerqueen-492d7?view=CONSUMER_VIEW  
 
[debug] [2018-10-10T22:48:10.657Z] <<< HTTP RESPONSE 200
[debug] [2018-10-10T22:48:10.688Z] <<< HTTP RESPONSE 200
[warn] !  functions: missing necessary APIs. Enabling now...
[debug] [2018-10-10T22:48:10.688Z] >>> HTTP REQUEST PATCH https://servicemanagement.googleapis.com/v1/services/cloudfunctions.googleapis.com/projectSettings/burguerqueen-492d7?updateMask=usageSettings  

[debug] [2018-10-10T22:48:12.685Z] <<< HTTP RESPONSE 200
[debug] [2018-10-10T22:48:22.700Z] >>> HTTP REQUEST GET https://servicemanagement.googleapis.com/v1/services/cloudfunctions.googleapis.com/projectSettings/burguerqueen-492d7?view=CONSUMER_VIEW  
 
[debug] [2018-10-10T22:48:24.026Z] <<< HTTP RESPONSE 200
[info] +  functions: all necessary APIs are enabled
[debug] [2018-10-10T22:48:24.029Z] >>> HTTP REQUEST GET https://cloudresourcemanager.googleapis.com/v1/projects/burguerqueen-492d7  
 
[debug] [2018-10-10T22:48:24.969Z] <<< HTTP RESPONSE 200
[debug] [2018-10-10T22:48:24.970Z] >>> HTTP REQUEST GET https://mobilesdk-pa.googleapis.com/v1/projects/75229147669:getServerAppConfig  
 
[debug] [2018-10-10T22:48:25.870Z] <<< HTTP RESPONSE 200
[info] i  functions: preparing functions directory for uploading...
[info] i  functions: packaged functions (51.56 KB) for uploading
[debug] [2018-10-10T22:48:28.199Z] >>> HTTP REQUEST POST https://cloudfunctions.googleapis.com/v1/projects/burguerqueen-492d7/locations/us-central1/functions:generateUploadUrl  
 
